<?xml version="1.0" encoding="UTF-8"?>
<!-- Generated by org.testng.reporters.JUnitXMLReporter -->
<testsuite hostname="DESKTOP-3B5I3LU" name="Default test" tests="4" failures="0" timestamp="14 Nov 2016 04:28:57 GMT" time="2.382" errors="0">
  <testcase name="post" time="1.113" classname="test.java.com.automation.practice.APItests"/>
  <testcase name="get" time="0.574" classname="test.java.com.automation.practice.APItests"/>
  <testcase name="delete" time="0.38" classname="test.java.com.automation.practice.APItests"/>
  <testcase name="getEmpty" time="0.271" classname="test.java.com.automation.practice.APItests"/>
</testsuite> <!-- Default test -->
